[debug] [2024-03-11T12:52:10.184Z] ----------------------------------------------------------------------
[debug] [2024-03-11T12:52:10.187Z] Command:       C:\Program Files\nodejs\node.exe C:\Users\vigne\AppData\Roaming\npm\node_modules\firebase-tools\lib\bin\firebase.js init
[debug] [2024-03-11T12:52:10.187Z] CLI Version:   13.4.1
[debug] [2024-03-11T12:52:10.188Z] Platform:      win32
[debug] [2024-03-11T12:52:10.188Z] Node Version:  v20.11.0
[debug] [2024-03-11T12:52:10.188Z] Time:          Mon Mar 11 2024 18:22:10 GMT+0530 (India Standard Time)
[debug] [2024-03-11T12:52:10.188Z] ----------------------------------------------------------------------
[debug] 
[debug] [2024-03-11T12:52:10.194Z] > command requires scopes: ["email","openid","https://www.googleapis.com/auth/cloudplatformprojects.readonly","https://www.googleapis.com/auth/firebase","https://www.googleapis.com/auth/cloud-platform"]
[debug] [2024-03-11T12:52:10.195Z] > authorizing via signed-in user (vigneshengineer07@gmail.com)
[info] 
     ######## #### ########  ######## ########     ###     ######  ########
     ##        ##  ##     ## ##       ##     ##  ##   ##  ##       ##
     ######    ##  ########  ######   ########  #########  ######  ######
     ##        ##  ##    ##  ##       ##     ## ##     ##       ## ##
     ##       #### ##     ## ######## ########  ##     ##  ######  ########

You're about to initialize a Firebase project in this directory:

  C:\Users\vigne\OneDrive\Desktop\my-design-portfolio\designwithme

[info] 
=== Project Setup
[info] 
[info] First, let's associate this project directory with a Firebase project.
[info] You can create multiple project aliases by running firebase use --add, 
[info] but for now we'll just set up a default project.
[info] 
[debug] [2024-03-11T12:52:28.448Z] >>> [apiv2][query] GET https://firebase.googleapis.com/v1beta1/projects pageSize=100
[debug] [2024-03-11T12:52:29.665Z] <<< [apiv2][status] GET https://firebase.googleapis.com/v1beta1/projects 200
[debug] [2024-03-11T12:52:29.666Z] <<< [apiv2][body] GET https://firebase.googleapis.com/v1beta1/projects [omitted]
[info] i  Using project uiuxdesignwithme (uiuxdesignwithme) 
[info] 
=== Database Setup
[info] i  database: ensuring required API firebasedatabase.googleapis.com is enabled... 
[debug] [2024-03-11T12:52:33.176Z] >>> [apiv2][query] GET https://serviceusage.googleapis.com/v1/projects/uiuxdesignwithme/services/firebasedatabase.googleapis.com [none]
[debug] [2024-03-11T12:52:33.176Z] >>> [apiv2][(partial)header] GET https://serviceusage.googleapis.com/v1/projects/uiuxdesignwithme/services/firebasedatabase.googleapis.com x-goog-quota-user=projects/uiuxdesignwithme
[debug] [2024-03-11T12:52:35.298Z] <<< [apiv2][status] GET https://serviceusage.googleapis.com/v1/projects/uiuxdesignwithme/services/firebasedatabase.googleapis.com 200
[debug] [2024-03-11T12:52:35.299Z] <<< [apiv2][body] GET https://serviceusage.googleapis.com/v1/projects/uiuxdesignwithme/services/firebasedatabase.googleapis.com [omitted]
[info] +  database: required API firebasedatabase.googleapis.com is enabled 
[info] 
[debug] [2024-03-11T12:52:35.302Z] >>> [apiv2][query] GET https://firebasedatabase.googleapis.com/v1beta/projects/uiuxdesignwithme/locations/-/instances/uiuxdesignwithme-default-rtdb [none]
[debug] [2024-03-11T12:52:37.125Z] <<< [apiv2][status] GET https://firebasedatabase.googleapis.com/v1beta/projects/uiuxdesignwithme/locations/-/instances/uiuxdesignwithme-default-rtdb 200
[debug] [2024-03-11T12:52:37.125Z] <<< [apiv2][body] GET https://firebasedatabase.googleapis.com/v1beta/projects/uiuxdesignwithme/locations/-/instances/uiuxdesignwithme-default-rtdb {"name":"projects/53483268906/locations/asia-southeast1/instances/uiuxdesignwithme-default-rtdb","project":"projects/53483268906","databaseUrl":"https://uiuxdesignwithme-default-rtdb.asia-southeast1.firebasedatabase.app","type":"DEFAULT_DATABASE","state":"ACTIVE"}
[info] 
[info] Firebase Realtime Database Security Rules allow you to define how your data should be
[info] structured and when your data can be read from and written to.
[info] 
[debug] [2024-03-11T12:52:43.255Z] >>> [apiv2][query] GET https://uiuxdesignwithme-default-rtdb.asia-southeast1.firebasedatabase.app/.settings/rules.json [none]
[debug] [2024-03-11T12:52:43.593Z] <<< [apiv2][status] GET https://uiuxdesignwithme-default-rtdb.asia-southeast1.firebasedatabase.app/.settings/rules.json 200
[debug] [2024-03-11T12:52:43.593Z] <<< [apiv2][body] GET https://uiuxdesignwithme-default-rtdb.asia-southeast1.firebasedatabase.app/.settings/rules.json [stream]
[info] +  Database Rules for uiuxdesignwithme-default-rtdb have been written to y. 
[info] Future modifications to y will update Realtime Database Security Rules when you run
[info] firebase deploy.
[info] 
=== Firestore Setup
[debug] [2024-03-11T12:52:43.604Z] >>> [apiv2][query] GET https://serviceusage.googleapis.com/v1/projects/uiuxdesignwithme/services/firestore.googleapis.com [none]
[debug] [2024-03-11T12:52:43.604Z] >>> [apiv2][(partial)header] GET https://serviceusage.googleapis.com/v1/projects/uiuxdesignwithme/services/firestore.googleapis.com x-goog-quota-user=projects/uiuxdesignwithme
[debug] [2024-03-11T12:52:45.439Z] <<< [apiv2][status] GET https://serviceusage.googleapis.com/v1/projects/uiuxdesignwithme/services/firestore.googleapis.com 200
[debug] [2024-03-11T12:52:45.439Z] <<< [apiv2][body] GET https://serviceusage.googleapis.com/v1/projects/uiuxdesignwithme/services/firestore.googleapis.com [omitted]
[debug] [2024-03-11T12:52:45.439Z] >>> [apiv2][query] GET https://firestore.googleapis.com/v1/projects/uiuxdesignwithme/databases/(default) [none]
[debug] [2024-03-11T12:52:45.721Z] <<< [apiv2][status] GET https://firestore.googleapis.com/v1/projects/uiuxdesignwithme/databases/(default) 200
[debug] [2024-03-11T12:52:45.721Z] <<< [apiv2][body] GET https://firestore.googleapis.com/v1/projects/uiuxdesignwithme/databases/(default) {"name":"projects/uiuxdesignwithme/databases/(default)","uid":"d3a6b3ad-1af1-4aaa-978f-ad4beb9d305e","createTime":"2024-03-11T12:51:38.376064Z","updateTime":"2024-03-11T12:51:38.376064Z","locationId":"asia-south1","type":"FIRESTORE_NATIVE","concurrencyMode":"PESSIMISTIC","versionRetentionPeriod":"3600s","earliestVersionTime":"2024-03-11T12:51:38.376064Z","appEngineIntegrationMode":"DISABLED","keyPrefix":"j","pointInTimeRecoveryEnablement":"POINT_IN_TIME_RECOVERY_DISABLED","deleteProtectionState":"DELETE_PROTECTION_DISABLED","etag":"IIzPt6Wg7IQDMICP+oSg7IQD"}
[debug] [2024-03-11T12:52:45.721Z] database_type: FIRESTORE_NATIVE
[debug] [2024-03-11T12:52:45.721Z] > command requires scopes: ["email","openid","https://www.googleapis.com/auth/cloudplatformprojects.readonly","https://www.googleapis.com/auth/firebase","https://www.googleapis.com/auth/cloud-platform"]
[debug] [2024-03-11T12:52:45.721Z] > authorizing via signed-in user (vigneshengineer07@gmail.com)
[debug] [2024-03-11T12:52:45.721Z] [iam] checking project uiuxdesignwithme for permissions ["firebase.projects.get"]
[debug] [2024-03-11T12:52:45.722Z] >>> [apiv2][query] POST https://cloudresourcemanager.googleapis.com/v1/projects/uiuxdesignwithme:testIamPermissions [none]
[debug] [2024-03-11T12:52:45.722Z] >>> [apiv2][(partial)header] POST https://cloudresourcemanager.googleapis.com/v1/projects/uiuxdesignwithme:testIamPermissions x-goog-quota-user=projects/uiuxdesignwithme
[debug] [2024-03-11T12:52:45.722Z] >>> [apiv2][body] POST https://cloudresourcemanager.googleapis.com/v1/projects/uiuxdesignwithme:testIamPermissions {"permissions":["firebase.projects.get"]}
[debug] [2024-03-11T12:52:47.043Z] <<< [apiv2][status] POST https://cloudresourcemanager.googleapis.com/v1/projects/uiuxdesignwithme:testIamPermissions 200
[debug] [2024-03-11T12:52:47.043Z] <<< [apiv2][body] POST https://cloudresourcemanager.googleapis.com/v1/projects/uiuxdesignwithme:testIamPermissions {"permissions":["firebase.projects.get"]}
[info] 
[info] Firestore Security Rules allow you to define how and when to allow
[info] requests. You can keep these rules in your project directory
[info] and publish them with firebase deploy.
[info] 
[debug] [2024-03-11T12:52:54.556Z] >>> [apiv2][query] GET https://firebaserules.googleapis.com/v1/projects/uiuxdesignwithme/releases pageSize=10&pageToken=
[debug] [2024-03-11T12:52:56.284Z] <<< [apiv2][status] GET https://firebaserules.googleapis.com/v1/projects/uiuxdesignwithme/releases 200
[debug] [2024-03-11T12:52:56.284Z] <<< [apiv2][body] GET https://firebaserules.googleapis.com/v1/projects/uiuxdesignwithme/releases {"releases":[{"name":"projects/uiuxdesignwithme/releases/cloud.firestore","rulesetName":"projects/uiuxdesignwithme/rulesets/9b756a8a-37fb-4034-8f0c-a218adc87f16","createTime":"2024-03-11T12:51:45.559943Z","updateTime":"2024-03-11T12:51:45.559943Z"}]}
[debug] [2024-03-11T12:52:56.284Z] Found ruleset: projects/uiuxdesignwithme/rulesets/9b756a8a-37fb-4034-8f0c-a218adc87f16
[debug] [2024-03-11T12:52:56.285Z] >>> [apiv2][query] GET https://firebaserules.googleapis.com/v1/projects/uiuxdesignwithme/rulesets/9b756a8a-37fb-4034-8f0c-a218adc87f16 [none]
[debug] [2024-03-11T12:52:57.705Z] <<< [apiv2][status] GET https://firebaserules.googleapis.com/v1/projects/uiuxdesignwithme/rulesets/9b756a8a-37fb-4034-8f0c-a218adc87f16 200
[debug] [2024-03-11T12:52:57.705Z] <<< [apiv2][body] GET https://firebaserules.googleapis.com/v1/projects/uiuxdesignwithme/rulesets/9b756a8a-37fb-4034-8f0c-a218adc87f16 [omitted]
[info] 
[info] Firestore indexes allow you to perform complex queries while
[info] maintaining performance that scales with the size of the result
[info] set. You can keep index definitions in your project directory
[info] and publish them with firebase deploy.
[info] 
[debug] [2024-03-11T12:52:59.326Z] >>> [apiv2][query] GET https://firestore.googleapis.com/v1/projects/uiuxdesignwithme/databases/(default)/collectionGroups/-/indexes [none]
[debug] [2024-03-11T12:52:59.330Z] >>> [apiv2][query] GET https://firestore.googleapis.com/v1/projects/uiuxdesignwithme/databases/(default)/collectionGroups/-/fields?filter=indexConfig.usesAncestorConfig=false OR ttlConfig:* [none]
[debug] [2024-03-11T12:52:59.625Z] <<< [apiv2][status] GET https://firestore.googleapis.com/v1/projects/uiuxdesignwithme/databases/(default)/collectionGroups/-/indexes 200
[debug] [2024-03-11T12:52:59.626Z] <<< [apiv2][body] GET https://firestore.googleapis.com/v1/projects/uiuxdesignwithme/databases/(default)/collectionGroups/-/indexes {}
[debug] [2024-03-11T12:52:59.686Z] <<< [apiv2][status] GET https://firestore.googleapis.com/v1/projects/uiuxdesignwithme/databases/(default)/collectionGroups/-/fields?filter=indexConfig.usesAncestorConfig=false OR ttlConfig:* 200
[debug] [2024-03-11T12:52:59.686Z] <<< [apiv2][body] GET https://firestore.googleapis.com/v1/projects/uiuxdesignwithme/databases/(default)/collectionGroups/-/fields?filter=indexConfig.usesAncestorConfig=false OR ttlConfig:* {"fields":[{"name":"projects/uiuxdesignwithme/databases/(default)/collectionGroups/__default__/fields/*","indexConfig":{"indexes":[{"queryScope":"COLLECTION","fields":[{"fieldPath":"*","order":"ASCENDING"}],"state":"READY"},{"queryScope":"COLLECTION","fields":[{"fieldPath":"*","order":"DESCENDING"}],"state":"READY"},{"queryScope":"COLLECTION","fields":[{"fieldPath":"*","arrayConfig":"CONTAINS"}],"state":"READY"}]}}]}
[info] 
=== Functions Setup
[debug] [2024-03-11T12:52:59.690Z] > command requires scopes: ["email","openid","https://www.googleapis.com/auth/cloudplatformprojects.readonly","https://www.googleapis.com/auth/firebase","https://www.googleapis.com/auth/cloud-platform"]
[debug] [2024-03-11T12:52:59.691Z] > authorizing via signed-in user (vigneshengineer07@gmail.com)
[debug] [2024-03-11T12:52:59.691Z] [iam] checking project uiuxdesignwithme for permissions ["firebase.projects.get"]
[debug] [2024-03-11T12:52:59.691Z] >>> [apiv2][query] POST https://cloudresourcemanager.googleapis.com/v1/projects/uiuxdesignwithme:testIamPermissions [none]
[debug] [2024-03-11T12:52:59.691Z] >>> [apiv2][(partial)header] POST https://cloudresourcemanager.googleapis.com/v1/projects/uiuxdesignwithme:testIamPermissions x-goog-quota-user=projects/uiuxdesignwithme
[debug] [2024-03-11T12:52:59.691Z] >>> [apiv2][body] POST https://cloudresourcemanager.googleapis.com/v1/projects/uiuxdesignwithme:testIamPermissions {"permissions":["firebase.projects.get"]}
[debug] [2024-03-11T12:53:00.931Z] <<< [apiv2][status] POST https://cloudresourcemanager.googleapis.com/v1/projects/uiuxdesignwithme:testIamPermissions 200
[debug] [2024-03-11T12:53:00.931Z] <<< [apiv2][body] POST https://cloudresourcemanager.googleapis.com/v1/projects/uiuxdesignwithme:testIamPermissions {"permissions":["firebase.projects.get"]}
[debug] [2024-03-11T12:53:00.932Z] >>> [apiv2][query] GET https://serviceusage.googleapis.com/v1/projects/uiuxdesignwithme/services/cloudfunctions.googleapis.com [none]
[debug] [2024-03-11T12:53:00.932Z] >>> [apiv2][(partial)header] GET https://serviceusage.googleapis.com/v1/projects/uiuxdesignwithme/services/cloudfunctions.googleapis.com x-goog-quota-user=projects/uiuxdesignwithme
[debug] [2024-03-11T12:53:00.936Z] >>> [apiv2][query] GET https://serviceusage.googleapis.com/v1/projects/uiuxdesignwithme/services/runtimeconfig.googleapis.com [none]
[debug] [2024-03-11T12:53:00.936Z] >>> [apiv2][(partial)header] GET https://serviceusage.googleapis.com/v1/projects/uiuxdesignwithme/services/runtimeconfig.googleapis.com x-goog-quota-user=projects/uiuxdesignwithme
[debug] [2024-03-11T12:53:02.754Z] <<< [apiv2][status] GET https://serviceusage.googleapis.com/v1/projects/uiuxdesignwithme/services/cloudfunctions.googleapis.com 200
[debug] [2024-03-11T12:53:02.754Z] <<< [apiv2][body] GET https://serviceusage.googleapis.com/v1/projects/uiuxdesignwithme/services/cloudfunctions.googleapis.com [omitted]
[debug] [2024-03-11T12:53:02.755Z] >>> [apiv2][query] POST https://serviceusage.googleapis.com/v1/projects/uiuxdesignwithme/services/cloudfunctions.googleapis.com:enable [none]
[debug] [2024-03-11T12:53:02.755Z] >>> [apiv2][(partial)header] POST https://serviceusage.googleapis.com/v1/projects/uiuxdesignwithme/services/cloudfunctions.googleapis.com:enable x-goog-quota-user=projects/uiuxdesignwithme
[debug] [2024-03-11T12:53:02.756Z] <<< [apiv2][status] GET https://serviceusage.googleapis.com/v1/projects/uiuxdesignwithme/services/runtimeconfig.googleapis.com 200
[debug] [2024-03-11T12:53:02.756Z] <<< [apiv2][body] GET https://serviceusage.googleapis.com/v1/projects/uiuxdesignwithme/services/runtimeconfig.googleapis.com [omitted]
[debug] [2024-03-11T12:53:04.679Z] <<< [apiv2][status] POST https://serviceusage.googleapis.com/v1/projects/uiuxdesignwithme/services/cloudfunctions.googleapis.com:enable 200
[debug] [2024-03-11T12:53:04.679Z] <<< [apiv2][body] POST https://serviceusage.googleapis.com/v1/projects/uiuxdesignwithme/services/cloudfunctions.googleapis.com:enable [omitted]
[debug] [2024-03-11T12:53:14.680Z] >>> [apiv2][query] GET https://serviceusage.googleapis.com/v1/projects/uiuxdesignwithme/services/cloudfunctions.googleapis.com [none]
[debug] [2024-03-11T12:53:14.681Z] >>> [apiv2][(partial)header] GET https://serviceusage.googleapis.com/v1/projects/uiuxdesignwithme/services/cloudfunctions.googleapis.com x-goog-quota-user=projects/uiuxdesignwithme
[debug] [2024-03-11T12:53:16.499Z] <<< [apiv2][status] GET https://serviceusage.googleapis.com/v1/projects/uiuxdesignwithme/services/cloudfunctions.googleapis.com 200
[debug] [2024-03-11T12:53:16.499Z] <<< [apiv2][body] GET https://serviceusage.googleapis.com/v1/projects/uiuxdesignwithme/services/cloudfunctions.googleapis.com [omitted]
[info] Let's create a new codebase for your functions.
[info] A directory corresponding to the codebase will be created in your project
[info] with sample code pre-configured.

[info] See https://firebase.google.com/docs/functions/organize-functions for
[info] more information on organizing your functions using codebases.

[info] Functions can be deployed with firebase deploy.

[info] +  Wrote functions/package.json 
[info] +  Wrote functions/.eslintrc.js 
[info] +  Wrote functions/index.js 
[info] +  Wrote functions/.gitignore 
[info] 
=== Hosting Setup
[debug] [2024-03-11T12:54:35.939Z] >>> [apiv2][query] GET https://firebase.googleapis.com/v1beta1/projects/uiuxdesignwithme [none]
[debug] [2024-03-11T12:54:36.509Z] <<< [apiv2][status] GET https://firebase.googleapis.com/v1beta1/projects/uiuxdesignwithme 200
[debug] [2024-03-11T12:54:36.510Z] <<< [apiv2][body] GET https://firebase.googleapis.com/v1beta1/projects/uiuxdesignwithme {"projectId":"uiuxdesignwithme","projectNumber":"53483268906","displayName":"uiuxdesignwithme","name":"projects/uiuxdesignwithme","resources":{"hostingSite":"uiuxdesignwithme","realtimeDatabaseInstance":"uiuxdesignwithme-default-rtdb"},"state":"ACTIVE","etag":"1_de4079eb-e729-4071-b259-8e1eab5924dc"}
[info] 
[info] Your public directory is the folder (relative to your project directory) that
[info] will contain Hosting assets to be uploaded with firebase deploy. If you
[info] have a build process for your assets, use your build's output directory.
[info] 
[debug] [2024-03-11T12:55:14.967Z] >>> [apiv2][query] GET https://www.gstatic.com/firebasejs/releases.json [none]
[debug] [2024-03-11T12:55:15.120Z] <<< [apiv2][status] GET https://www.gstatic.com/firebasejs/releases.json 200
[debug] [2024-03-11T12:55:15.121Z] <<< [apiv2][body] GET https://www.gstatic.com/firebasejs/releases.json {"current":{"version":"10.8.1","browserURL":"https://www.gstatic.com/firebasejs/10.8.1/firebase.js","packageURL":"https://www.gstatic.com/firebasejs/10.8.1/firebase.tgz"},"live":{"version":"10.8","browserURL":"https://www.gstatic.com/firebasejs/live/10.8/firebase.js","packageURL":"https://www.gstatic.com/firebasejs/live/10.8/firebase.tgz"},"components":{"analytics":"https://www.gstatic.com/firebasejs/10.8.1/firebase-analytics.js","app":"https://www.gstatic.com/firebasejs/10.8.1/firebase-app.js","app-check":"https://www.gstatic.com/firebasejs/10.8.1/firebase-app-check.js","auth":"https://www.gstatic.com/firebasejs/10.8.1/firebase-auth.js","auth/cordova":"https://www.gstatic.com/firebasejs/10.8.1/firebase-auth/cordova.js","auth/web-extension":"https://www.gstatic.com/firebasejs/10.8.1/firebase-auth/web-extension.js","functions":"https://www.gstatic.com/firebasejs/10.8.1/firebase-functions.js","firestore":"https://www.gstatic.com/firebasejs/10.8.1/firebase-firestore.js","firestore/lite":"https://www.gstatic.com/firebasejs/10.8.1/firebase-firestore/lite.js","installations":"https://www.gstatic.com/firebasejs/10.8.1/firebase-installations.js","storage":"https://www.gstatic.com/firebasejs/10.8.1/firebase-storage.js","performance":"https://www.gstatic.com/firebasejs/10.8.1/firebase-performance.js","remote-config":"https://www.gstatic.com/firebasejs/10.8.1/firebase-remote-config.js","messaging":"https://www.gstatic.com/firebasejs/10.8.1/firebase-messaging.js","messaging/sw":"https://www.gstatic.com/firebasejs/10.8.1/firebase-messaging/sw.js","database":"https://www.gstatic.com/firebasejs/10.8.1/firebase-database.js","firestore.memory":"https://www.gstatic.com/firebasejs/10.8.1/firebase-firestore.memory.js"}}
[info] +  Wrote public/index.html 
[info] 
[info] i  Detected a .git folder at C:\Users\vigne\OneDrive\Desktop\my-design-portfolio\designwithme 
[info] i  Authorizing with GitHub to upload your service account to a GitHub repository's secrets store. 
[info] 
[info] Visit this URL on this device to log in:
[info] https://github.com/login/oauth/authorize?client_id=89cf50f02ac6aaed3484&state=951954362&redirect_uri=http%3A%2F%2Flocalhost%3A9005&scope=read%3Auser%20repo%20public_repo
[info] 
[info] Waiting for authentication...
[debug] [2024-03-11T12:55:21.748Z] >>> [apiv2][query] POST https://github.com/login/oauth/access_token [none]
[debug] [2024-03-11T12:55:21.748Z] >>> [apiv2][body] POST https://github.com/login/oauth/access_token [stream]
[debug] [2024-03-11T12:55:22.241Z] <<< [apiv2][status] POST https://github.com/login/oauth/access_token 200
[debug] [2024-03-11T12:55:22.242Z] <<< [apiv2][body] POST https://github.com/login/oauth/access_token {"access_token":"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","token_type":"bearer","scope":"read:user,repo"}
[debug] [2024-03-11T12:55:22.247Z] >>> [apiv2][query] GET https://api.github.com/user [none]
[debug] [2024-03-11T12:55:22.766Z] <<< [apiv2][status] GET https://api.github.com/user 200
[debug] [2024-03-11T12:55:22.767Z] <<< [apiv2][body] GET https://api.github.com/user {"login":"Vignesh0708","id":88187903,"node_id":"MDQ6VXNlcjg4MTg3OTAz","avatar_url":"https://avatars.githubusercontent.com/u/88187903?v=4","gravatar_id":"","url":"https://api.github.com/users/Vignesh0708","html_url":"https://github.com/Vignesh0708","followers_url":"https://api.github.com/users/Vignesh0708/followers","following_url":"https://api.github.com/users/Vignesh0708/following{/other_user}","gists_url":"https://api.github.com/users/Vignesh0708/gists{/gist_id}","starred_url":"https://api.github.com/users/Vignesh0708/starred{/owner}{/repo}","subscriptions_url":"https://api.github.com/users/Vignesh0708/subscriptions","organizations_url":"https://api.github.com/users/Vignesh0708/orgs","repos_url":"https://api.github.com/users/Vignesh0708/repos","events_url":"https://api.github.com/users/Vignesh0708/events{/privacy}","received_events_url":"https://api.github.com/users/Vignesh0708/received_events","type":"User","site_admin":false,"name":"VIGNESH V","company":null,"blog":"","location":"chennai,india","email":null,"hireable":null,"bio":"i am forntend developer","twitter_username":null,"public_repos":4,"public_gists":0,"followers":1,"following":1,"created_at":"2021-07-30T09:28:48Z","updated_at":"2024-03-11T12:21:10Z","private_gists":0,"total_private_repos":0,"owned_private_repos":0,"disk_usage":4,"collaborators":0,"two_factor_authentication":false,"plan":{"name":"free","space":976562499,"collaborators":0,"private_repos":10000}}
[info] 
[info] +  Success! Logged into GitHub as Vignesh0708 
[info] 
[debug] [2024-03-11T12:56:03.703Z] >>> [apiv2][query] GET https://api.github.com/repos/user/designwithme/actions/secrets/public-key type=owner
[debug] [2024-03-11T12:56:04.390Z] <<< [apiv2][status] GET https://api.github.com/repos/user/designwithme/actions/secrets/public-key 404
[debug] [2024-03-11T12:56:04.390Z] <<< [apiv2][body] GET https://api.github.com/repos/user/designwithme/actions/secrets/public-key {"message":"Not Found","documentation_url":"https://docs.github.com/rest/actions/secrets#get-a-repository-public-key"}
[info] 
[info] 
[error] !  The provided authorization cannot be used with this repository. If this repository is in an organization, did you remember to grant access? 
[info] 
[info] i  Action required: Visit this URL to ensure access has been granted to the appropriate organization(s) for the Firebase CLI GitHub OAuth App: 
[info] https://github.com/settings/connections/applications/89cf50f02ac6aaed3484
[info] 
[debug] [2024-03-11T12:56:33.952Z] >>> [apiv2][query] GET https://api.github.com/repos/uiuxvignesh/designwithme/actions/secrets/public-key type=owner
[debug] [2024-03-11T12:56:34.312Z] <<< [apiv2][status] GET https://api.github.com/repos/uiuxvignesh/designwithme/actions/secrets/public-key 403
[debug] [2024-03-11T12:56:34.312Z] <<< [apiv2][body] GET https://api.github.com/repos/uiuxvignesh/designwithme/actions/secrets/public-key {"message":"Must have admin rights to Repository.","documentation_url":"https://docs.github.com/rest/actions/secrets#get-a-repository-public-key"}
[info] 
[info] 
[error] !  The provided authorization cannot be used with this repository. If this repository is in an organization, did you remember to grant access? 
[info] 
[info] i  Action required: Visit this URL to ensure access has been granted to the appropriate organization(s) for the Firebase CLI GitHub OAuth App: 
[info] https://github.com/settings/connections/applications/89cf50f02ac6aaed3484
[info] 
[debug] [2024-03-11T12:59:12.238Z] >>> [apiv2][query] GET https://api.github.com/repos/uiuxvignesh/designwithme/actions/secrets/public-key type=owner
[debug] [2024-03-11T12:59:12.644Z] <<< [apiv2][status] GET https://api.github.com/repos/uiuxvignesh/designwithme/actions/secrets/public-key 403
[debug] [2024-03-11T12:59:12.644Z] <<< [apiv2][body] GET https://api.github.com/repos/uiuxvignesh/designwithme/actions/secrets/public-key {"message":"Must have admin rights to Repository.","documentation_url":"https://docs.github.com/rest/actions/secrets#get-a-repository-public-key"}
[info] 
[info] 
[error] !  The provided authorization cannot be used with this repository. If this repository is in an organization, did you remember to grant access? 
[info] 
[info] i  Action required: Visit this URL to ensure access has been granted to the appropriate organization(s) for the Firebase CLI GitHub OAuth App: 
[info] https://github.com/settings/connections/applications/89cf50f02ac6aaed3484
[info] 
[debug] [2024-03-11T13:01:25.065Z] >>> [apiv2][query] GET https://api.github.com/repos/uiuxvignesh/designwithme/actions/secrets/public-key type=owner
[debug] [2024-03-11T13:01:25.597Z] <<< [apiv2][status] GET https://api.github.com/repos/uiuxvignesh/designwithme/actions/secrets/public-key 403
[debug] [2024-03-11T13:01:25.597Z] <<< [apiv2][body] GET https://api.github.com/repos/uiuxvignesh/designwithme/actions/secrets/public-key {"message":"Must have admin rights to Repository.","documentation_url":"https://docs.github.com/rest/actions/secrets#get-a-repository-public-key"}
[info] 
[info] 
[error] !  The provided authorization cannot be used with this repository. If this repository is in an organization, did you remember to grant access? 
[info] 
[info] i  Action required: Visit this URL to ensure access has been granted to the appropriate organization(s) for the Firebase CLI GitHub OAuth App: 
[info] https://github.com/settings/connections/applications/89cf50f02ac6aaed3484
[info] 
[debug] [2024-03-11T13:03:12.460Z] >>> [apiv2][query] GET https://api.github.com/repos/uiuxvignesh/designwithme/actions/secrets/public-key type=owner
[debug] [2024-03-11T13:03:12.999Z] <<< [apiv2][status] GET https://api.github.com/repos/uiuxvignesh/designwithme/actions/secrets/public-key 403
[debug] [2024-03-11T13:03:12.999Z] <<< [apiv2][body] GET https://api.github.com/repos/uiuxvignesh/designwithme/actions/secrets/public-key {"message":"Must have admin rights to Repository.","documentation_url":"https://docs.github.com/rest/actions/secrets#get-a-repository-public-key"}
[info] 
[info] 
[error] !  The provided authorization cannot be used with this repository. If this repository is in an organization, did you remember to grant access? 
[info] 
[info] i  Action required: Visit this URL to ensure access has been granted to the appropriate organization(s) for the Firebase CLI GitHub OAuth App: 
[info] https://github.com/settings/connections/applications/89cf50f02ac6aaed3484
[info] 
[debug] [2024-03-11T13:08:53.854Z] ----------------------------------------------------------------------
[debug] [2024-03-11T13:08:53.857Z] Command:       C:\Program Files\nodejs\node.exe C:\Users\vigne\AppData\Roaming\npm\node_modules\firebase-tools\lib\bin\firebase.js init
[debug] [2024-03-11T13:08:53.858Z] CLI Version:   13.4.1
[debug] [2024-03-11T13:08:53.858Z] Platform:      win32
[debug] [2024-03-11T13:08:53.858Z] Node Version:  v20.11.0
[debug] [2024-03-11T13:08:53.858Z] Time:          Mon Mar 11 2024 18:38:53 GMT+0530 (India Standard Time)
[debug] [2024-03-11T13:08:53.858Z] ----------------------------------------------------------------------
[debug] 
[debug] [2024-03-11T13:08:53.865Z] > command requires scopes: ["email","openid","https://www.googleapis.com/auth/cloudplatformprojects.readonly","https://www.googleapis.com/auth/firebase","https://www.googleapis.com/auth/cloud-platform"]
[debug] [2024-03-11T13:08:53.865Z] > authorizing via signed-in user (vigneshengineer07@gmail.com)
[info] 
     ######## #### ########  ######## ########     ###     ######  ########
     ##        ##  ##     ## ##       ##     ##  ##   ##  ##       ##
     ######    ##  ########  ######   ########  #########  ######  ######
     ##        ##  ##    ##  ##       ##     ## ##     ##       ## ##
     ##       #### ##     ## ######## ########  ##     ##  ######  ########

You're about to initialize a Firebase project in this directory:

  C:\Users\vigne\OneDrive\Desktop\my-design-portfolio\designwithme

[info] 
=== Project Setup
[info] 
[info] First, let's associate this project directory with a Firebase project.
[info] You can create multiple project aliases by running firebase use --add, 
[info] but for now we'll just set up a default project.
[info] 
[debug] [2024-03-11T13:09:14.055Z] >>> [apiv2][query] GET https://firebase.googleapis.com/v1beta1/projects pageSize=100
[debug] [2024-03-11T13:09:15.721Z] <<< [apiv2][status] GET https://firebase.googleapis.com/v1beta1/projects 200
[debug] [2024-03-11T13:09:15.721Z] <<< [apiv2][body] GET https://firebase.googleapis.com/v1beta1/projects [omitted]
[info] i  Using project uiuxdesignwithme (uiuxdesignwithme) 
[info] 
=== Database Setup
[info] i  database: ensuring required API firebasedatabase.googleapis.com is enabled... 
[debug] [2024-03-11T13:09:17.911Z] >>> [apiv2][query] GET https://serviceusage.googleapis.com/v1/projects/uiuxdesignwithme/services/firebasedatabase.googleapis.com [none]
[debug] [2024-03-11T13:09:17.911Z] >>> [apiv2][(partial)header] GET https://serviceusage.googleapis.com/v1/projects/uiuxdesignwithme/services/firebasedatabase.googleapis.com x-goog-quota-user=projects/uiuxdesignwithme
[debug] [2024-03-11T13:09:19.571Z] <<< [apiv2][status] GET https://serviceusage.googleapis.com/v1/projects/uiuxdesignwithme/services/firebasedatabase.googleapis.com 200
[debug] [2024-03-11T13:09:19.572Z] <<< [apiv2][body] GET https://serviceusage.googleapis.com/v1/projects/uiuxdesignwithme/services/firebasedatabase.googleapis.com [omitted]
[info] +  database: required API firebasedatabase.googleapis.com is enabled 
[info] 
[debug] [2024-03-11T13:09:19.573Z] >>> [apiv2][query] GET https://firebasedatabase.googleapis.com/v1beta/projects/uiuxdesignwithme/locations/-/instances/uiuxdesignwithme-default-rtdb [none]
[debug] [2024-03-11T13:09:21.237Z] <<< [apiv2][status] GET https://firebasedatabase.googleapis.com/v1beta/projects/uiuxdesignwithme/locations/-/instances/uiuxdesignwithme-default-rtdb 200
[debug] [2024-03-11T13:09:21.237Z] <<< [apiv2][body] GET https://firebasedatabase.googleapis.com/v1beta/projects/uiuxdesignwithme/locations/-/instances/uiuxdesignwithme-default-rtdb {"name":"projects/53483268906/locations/asia-southeast1/instances/uiuxdesignwithme-default-rtdb","project":"projects/53483268906","databaseUrl":"https://uiuxdesignwithme-default-rtdb.asia-southeast1.firebasedatabase.app","type":"DEFAULT_DATABASE","state":"ACTIVE"}
[info] 
[info] Firebase Realtime Database Security Rules allow you to define how your data should be
[info] structured and when your data can be read from and written to.
[info] 
[debug] [2024-03-11T13:09:26.452Z] >>> [apiv2][query] GET https://uiuxdesignwithme-default-rtdb.asia-southeast1.firebasedatabase.app/.settings/rules.json [none]
[debug] [2024-03-11T13:09:26.718Z] <<< [apiv2][status] GET https://uiuxdesignwithme-default-rtdb.asia-southeast1.firebasedatabase.app/.settings/rules.json 200
[debug] [2024-03-11T13:09:26.719Z] <<< [apiv2][body] GET https://uiuxdesignwithme-default-rtdb.asia-southeast1.firebasedatabase.app/.settings/rules.json [stream]
[info] +  Database Rules for uiuxdesignwithme-default-rtdb have been written to database.rules.json. 
[info] Future modifications to database.rules.json will update Realtime Database Security Rules when you run
[info] firebase deploy.
[info] 
=== Firestore Setup
[debug] [2024-03-11T13:09:26.723Z] >>> [apiv2][query] GET https://serviceusage.googleapis.com/v1/projects/uiuxdesignwithme/services/firestore.googleapis.com [none]
[debug] [2024-03-11T13:09:26.723Z] >>> [apiv2][(partial)header] GET https://serviceusage.googleapis.com/v1/projects/uiuxdesignwithme/services/firestore.googleapis.com x-goog-quota-user=projects/uiuxdesignwithme
[debug] [2024-03-11T13:09:28.314Z] <<< [apiv2][status] GET https://serviceusage.googleapis.com/v1/projects/uiuxdesignwithme/services/firestore.googleapis.com 200
[debug] [2024-03-11T13:09:28.314Z] <<< [apiv2][body] GET https://serviceusage.googleapis.com/v1/projects/uiuxdesignwithme/services/firestore.googleapis.com [omitted]
[debug] [2024-03-11T13:09:28.315Z] >>> [apiv2][query] GET https://firestore.googleapis.com/v1/projects/uiuxdesignwithme/databases/(default) [none]
[debug] [2024-03-11T13:09:28.606Z] <<< [apiv2][status] GET https://firestore.googleapis.com/v1/projects/uiuxdesignwithme/databases/(default) 200
[debug] [2024-03-11T13:09:28.606Z] <<< [apiv2][body] GET https://firestore.googleapis.com/v1/projects/uiuxdesignwithme/databases/(default) {"name":"projects/uiuxdesignwithme/databases/(default)","uid":"d3a6b3ad-1af1-4aaa-978f-ad4beb9d305e","createTime":"2024-03-11T12:51:38.376064Z","updateTime":"2024-03-11T12:51:38.376064Z","locationId":"asia-south1","type":"FIRESTORE_NATIVE","concurrencyMode":"PESSIMISTIC","versionRetentionPeriod":"3600s","earliestVersionTime":"2024-03-11T12:51:38.376064Z","appEngineIntegrationMode":"DISABLED","keyPrefix":"j","pointInTimeRecoveryEnablement":"POINT_IN_TIME_RECOVERY_DISABLED","deleteProtectionState":"DELETE_PROTECTION_DISABLED","etag":"II6U04Ok7IQDMOLziqyg7IQD"}
[debug] [2024-03-11T13:09:28.607Z] database_type: FIRESTORE_NATIVE
[debug] [2024-03-11T13:09:28.607Z] > command requires scopes: ["email","openid","https://www.googleapis.com/auth/cloudplatformprojects.readonly","https://www.googleapis.com/auth/firebase","https://www.googleapis.com/auth/cloud-platform"]
[debug] [2024-03-11T13:09:28.607Z] > authorizing via signed-in user (vigneshengineer07@gmail.com)
[debug] [2024-03-11T13:09:28.607Z] [iam] checking project uiuxdesignwithme for permissions ["firebase.projects.get"]
[debug] [2024-03-11T13:09:28.607Z] >>> [apiv2][query] POST https://cloudresourcemanager.googleapis.com/v1/projects/uiuxdesignwithme:testIamPermissions [none]
[debug] [2024-03-11T13:09:28.608Z] >>> [apiv2][(partial)header] POST https://cloudresourcemanager.googleapis.com/v1/projects/uiuxdesignwithme:testIamPermissions x-goog-quota-user=projects/uiuxdesignwithme
[debug] [2024-03-11T13:09:28.608Z] >>> [apiv2][body] POST https://cloudresourcemanager.googleapis.com/v1/projects/uiuxdesignwithme:testIamPermissions {"permissions":["firebase.projects.get"]}
[debug] [2024-03-11T13:09:29.909Z] <<< [apiv2][status] POST https://cloudresourcemanager.googleapis.com/v1/projects/uiuxdesignwithme:testIamPermissions 200
[debug] [2024-03-11T13:09:29.910Z] <<< [apiv2][body] POST https://cloudresourcemanager.googleapis.com/v1/projects/uiuxdesignwithme:testIamPermissions {"permissions":["firebase.projects.get"]}
[info] 
[info] Firestore Security Rules allow you to define how and when to allow
[info] requests. You can keep these rules in your project directory
[info] and publish them with firebase deploy.
[info] 
[debug] [2024-03-11T13:09:34.778Z] >>> [apiv2][query] GET https://firebaserules.googleapis.com/v1/projects/uiuxdesignwithme/releases pageSize=10&pageToken=
[debug] [2024-03-11T13:09:36.213Z] <<< [apiv2][status] GET https://firebaserules.googleapis.com/v1/projects/uiuxdesignwithme/releases 200
[debug] [2024-03-11T13:09:36.213Z] <<< [apiv2][body] GET https://firebaserules.googleapis.com/v1/projects/uiuxdesignwithme/releases {"releases":[{"name":"projects/uiuxdesignwithme/releases/cloud.firestore","rulesetName":"projects/uiuxdesignwithme/rulesets/9b756a8a-37fb-4034-8f0c-a218adc87f16","createTime":"2024-03-11T12:51:45.559943Z","updateTime":"2024-03-11T12:51:45.559943Z"}]}
[debug] [2024-03-11T13:09:36.214Z] Found ruleset: projects/uiuxdesignwithme/rulesets/9b756a8a-37fb-4034-8f0c-a218adc87f16
[debug] [2024-03-11T13:09:36.215Z] >>> [apiv2][query] GET https://firebaserules.googleapis.com/v1/projects/uiuxdesignwithme/rulesets/9b756a8a-37fb-4034-8f0c-a218adc87f16 [none]
[debug] [2024-03-11T13:09:37.455Z] <<< [apiv2][status] GET https://firebaserules.googleapis.com/v1/projects/uiuxdesignwithme/rulesets/9b756a8a-37fb-4034-8f0c-a218adc87f16 200
[debug] [2024-03-11T13:09:37.455Z] <<< [apiv2][body] GET https://firebaserules.googleapis.com/v1/projects/uiuxdesignwithme/rulesets/9b756a8a-37fb-4034-8f0c-a218adc87f16 [omitted]
[info] 
[info] Firestore indexes allow you to perform complex queries while
[info] maintaining performance that scales with the size of the result
[info] set. You can keep index definitions in your project directory
[info] and publish them with firebase deploy.
[info] 
[info] 
=== Functions Setup
[debug] [2024-03-11T13:09:41.050Z] > command requires scopes: ["email","openid","https://www.googleapis.com/auth/cloudplatformprojects.readonly","https://www.googleapis.com/auth/firebase","https://www.googleapis.com/auth/cloud-platform"]
[debug] [2024-03-11T13:09:41.051Z] > authorizing via signed-in user (vigneshengineer07@gmail.com)
[debug] [2024-03-11T13:09:41.051Z] [iam] checking project uiuxdesignwithme for permissions ["firebase.projects.get"]
[debug] [2024-03-11T13:09:41.051Z] >>> [apiv2][query] POST https://cloudresourcemanager.googleapis.com/v1/projects/uiuxdesignwithme:testIamPermissions [none]
[debug] [2024-03-11T13:09:41.051Z] >>> [apiv2][(partial)header] POST https://cloudresourcemanager.googleapis.com/v1/projects/uiuxdesignwithme:testIamPermissions x-goog-quota-user=projects/uiuxdesignwithme
[debug] [2024-03-11T13:09:41.051Z] >>> [apiv2][body] POST https://cloudresourcemanager.googleapis.com/v1/projects/uiuxdesignwithme:testIamPermissions {"permissions":["firebase.projects.get"]}
[debug] [2024-03-11T13:09:42.272Z] <<< [apiv2][status] POST https://cloudresourcemanager.googleapis.com/v1/projects/uiuxdesignwithme:testIamPermissions 200
[debug] [2024-03-11T13:09:42.272Z] <<< [apiv2][body] POST https://cloudresourcemanager.googleapis.com/v1/projects/uiuxdesignwithme:testIamPermissions {"permissions":["firebase.projects.get"]}
[debug] [2024-03-11T13:09:42.273Z] >>> [apiv2][query] GET https://serviceusage.googleapis.com/v1/projects/uiuxdesignwithme/services/cloudfunctions.googleapis.com [none]
[debug] [2024-03-11T13:09:42.273Z] >>> [apiv2][(partial)header] GET https://serviceusage.googleapis.com/v1/projects/uiuxdesignwithme/services/cloudfunctions.googleapis.com x-goog-quota-user=projects/uiuxdesignwithme
[debug] [2024-03-11T13:09:42.276Z] >>> [apiv2][query] GET https://serviceusage.googleapis.com/v1/projects/uiuxdesignwithme/services/runtimeconfig.googleapis.com [none]
[debug] [2024-03-11T13:09:42.276Z] >>> [apiv2][(partial)header] GET https://serviceusage.googleapis.com/v1/projects/uiuxdesignwithme/services/runtimeconfig.googleapis.com x-goog-quota-user=projects/uiuxdesignwithme
[debug] [2024-03-11T13:09:43.862Z] <<< [apiv2][status] GET https://serviceusage.googleapis.com/v1/projects/uiuxdesignwithme/services/cloudfunctions.googleapis.com 200
[debug] [2024-03-11T13:09:43.863Z] <<< [apiv2][body] GET https://serviceusage.googleapis.com/v1/projects/uiuxdesignwithme/services/cloudfunctions.googleapis.com [omitted]
[debug] [2024-03-11T13:09:43.864Z] <<< [apiv2][status] GET https://serviceusage.googleapis.com/v1/projects/uiuxdesignwithme/services/runtimeconfig.googleapis.com 200
[debug] [2024-03-11T13:09:43.864Z] <<< [apiv2][body] GET https://serviceusage.googleapis.com/v1/projects/uiuxdesignwithme/services/runtimeconfig.googleapis.com [omitted]
[info] Let's create a new codebase for your functions.
[info] A directory corresponding to the codebase will be created in your project
[info] with sample code pre-configured.

[info] See https://firebase.google.com/docs/functions/organize-functions for
[info] more information on organizing your functions using codebases.

[info] Functions can be deployed with firebase deploy.

[info] i  Skipping write of functions/package.json 
[info] i  Skipping write of functions/index.js 
[info] i  Skipping write of functions/.gitignore 
[info] 
=== Hosting Setup
[debug] [2024-03-11T13:10:24.912Z] >>> [apiv2][query] GET https://firebase.googleapis.com/v1beta1/projects/uiuxdesignwithme [none]
[debug] [2024-03-11T13:10:25.386Z] <<< [apiv2][status] GET https://firebase.googleapis.com/v1beta1/projects/uiuxdesignwithme 200
[debug] [2024-03-11T13:10:25.387Z] <<< [apiv2][body] GET https://firebase.googleapis.com/v1beta1/projects/uiuxdesignwithme {"projectId":"uiuxdesignwithme","projectNumber":"53483268906","displayName":"uiuxdesignwithme","name":"projects/uiuxdesignwithme","resources":{"hostingSite":"uiuxdesignwithme","realtimeDatabaseInstance":"uiuxdesignwithme-default-rtdb"},"state":"ACTIVE","etag":"1_de4079eb-e729-4071-b259-8e1eab5924dc"}
[info] 
[info] Your public directory is the folder (relative to your project directory) that
[info] will contain Hosting assets to be uploaded with firebase deploy. If you
[info] have a build process for your assets, use your build's output directory.
[info] 
[debug] [2024-03-11T13:10:41.183Z] >>> [apiv2][query] GET https://www.gstatic.com/firebasejs/releases.json [none]
[debug] [2024-03-11T13:10:41.247Z] <<< [apiv2][status] GET https://www.gstatic.com/firebasejs/releases.json 200
[debug] [2024-03-11T13:10:41.248Z] <<< [apiv2][body] GET https://www.gstatic.com/firebasejs/releases.json {"current":{"version":"10.8.1","browserURL":"https://www.gstatic.com/firebasejs/10.8.1/firebase.js","packageURL":"https://www.gstatic.com/firebasejs/10.8.1/firebase.tgz"},"live":{"version":"10.8","browserURL":"https://www.gstatic.com/firebasejs/live/10.8/firebase.js","packageURL":"https://www.gstatic.com/firebasejs/live/10.8/firebase.tgz"},"components":{"analytics":"https://www.gstatic.com/firebasejs/10.8.1/firebase-analytics.js","app":"https://www.gstatic.com/firebasejs/10.8.1/firebase-app.js","app-check":"https://www.gstatic.com/firebasejs/10.8.1/firebase-app-check.js","auth":"https://www.gstatic.com/firebasejs/10.8.1/firebase-auth.js","auth/cordova":"https://www.gstatic.com/firebasejs/10.8.1/firebase-auth/cordova.js","auth/web-extension":"https://www.gstatic.com/firebasejs/10.8.1/firebase-auth/web-extension.js","functions":"https://www.gstatic.com/firebasejs/10.8.1/firebase-functions.js","firestore":"https://www.gstatic.com/firebasejs/10.8.1/firebase-firestore.js","firestore/lite":"https://www.gstatic.com/firebasejs/10.8.1/firebase-firestore/lite.js","installations":"https://www.gstatic.com/firebasejs/10.8.1/firebase-installations.js","storage":"https://www.gstatic.com/firebasejs/10.8.1/firebase-storage.js","performance":"https://www.gstatic.com/firebasejs/10.8.1/firebase-performance.js","remote-config":"https://www.gstatic.com/firebasejs/10.8.1/firebase-remote-config.js","messaging":"https://www.gstatic.com/firebasejs/10.8.1/firebase-messaging.js","messaging/sw":"https://www.gstatic.com/firebasejs/10.8.1/firebase-messaging/sw.js","database":"https://www.gstatic.com/firebasejs/10.8.1/firebase-database.js","firestore.memory":"https://www.gstatic.com/firebasejs/10.8.1/firebase-firestore.memory.js"}}
[debug] [2024-03-11T13:10:41.425Z] Error: ENOTDIR: not a directory, scandir 'C:\Users\vigne\OneDrive\Desktop\my-design-portfolio\designwithme\y'
    at Object.readdirSync (node:fs:1515:26)
    at Object.createFileSync (C:\Users\vigne\AppData\Roaming\npm\node_modules\firebase-tools\node_modules\fs-extra\lib\ensure\file.js:55:10)
    at Config.writeProjectFile (C:\Users\vigne\AppData\Roaming\npm\node_modules\firebase-tools\lib\config.js:154:12)
    at C:\Users\vigne\AppData\Roaming\npm\node_modules\firebase-tools\lib\config.js:178:22
    at process.processTicksAndRejections (node:internal/process/task_queues:95:5)
    at async doSetup (C:\Users\vigne\AppData\Roaming\npm\node_modules\firebase-tools\lib\init\features\hosting\index.js:177:9)
    at async init (C:\Users\vigne\AppData\Roaming\npm\node_modules\firebase-tools\lib\init\index.js:37:9)
[error] 
[error] Error: An unexpected error has occurred.
[debug] [2024-03-11T13:10:54.894Z] ----------------------------------------------------------------------
[debug] [2024-03-11T13:10:54.897Z] Command:       C:\Program Files\nodejs\node.exe C:\Users\vigne\AppData\Roaming\npm\node_modules\firebase-tools\lib\bin\firebase.js init
[debug] [2024-03-11T13:10:54.898Z] CLI Version:   13.4.1
[debug] [2024-03-11T13:10:54.898Z] Platform:      win32
[debug] [2024-03-11T13:10:54.898Z] Node Version:  v20.11.0
[debug] [2024-03-11T13:10:54.898Z] Time:          Mon Mar 11 2024 18:40:54 GMT+0530 (India Standard Time)
[debug] [2024-03-11T13:10:54.898Z] ----------------------------------------------------------------------
[debug] 
[debug] [2024-03-11T13:10:54.904Z] > command requires scopes: ["email","openid","https://www.googleapis.com/auth/cloudplatformprojects.readonly","https://www.googleapis.com/auth/firebase","https://www.googleapis.com/auth/cloud-platform"]
[debug] [2024-03-11T13:10:54.905Z] > authorizing via signed-in user (vigneshengineer07@gmail.com)
[info] 
     ######## #### ########  ######## ########     ###     ######  ########
     ##        ##  ##     ## ##       ##     ##  ##   ##  ##       ##
     ######    ##  ########  ######   ########  #########  ######  ######
     ##        ##  ##    ##  ##       ##     ## ##     ##       ## ##
     ##       #### ##     ## ######## ########  ##     ##  ######  ########

You're about to initialize a Firebase project in this directory:

  C:\Users\vigne\OneDrive\Desktop\my-design-portfolio\designwithme

[info] 
=== Project Setup
[info] 
[info] First, let's associate this project directory with a Firebase project.
[info] You can create multiple project aliases by running firebase use --add, 
[info] but for now we'll just set up a default project.
[info] 
[debug] [2024-03-11T13:11:06.225Z] >>> [apiv2][query] GET https://firebase.googleapis.com/v1beta1/projects pageSize=100
[debug] [2024-03-11T13:11:07.157Z] <<< [apiv2][status] GET https://firebase.googleapis.com/v1beta1/projects 200
[debug] [2024-03-11T13:11:07.157Z] <<< [apiv2][body] GET https://firebase.googleapis.com/v1beta1/projects [omitted]
[info] i  Using project uiuxdesignwithme (uiuxdesignwithme) 
[info] 
=== Database Setup
[info] i  database: ensuring required API firebasedatabase.googleapis.com is enabled... 
[debug] [2024-03-11T13:11:09.075Z] >>> [apiv2][query] GET https://serviceusage.googleapis.com/v1/projects/uiuxdesignwithme/services/firebasedatabase.googleapis.com [none]
[debug] [2024-03-11T13:11:09.075Z] >>> [apiv2][(partial)header] GET https://serviceusage.googleapis.com/v1/projects/uiuxdesignwithme/services/firebasedatabase.googleapis.com x-goog-quota-user=projects/uiuxdesignwithme
[debug] [2024-03-11T13:11:10.664Z] <<< [apiv2][status] GET https://serviceusage.googleapis.com/v1/projects/uiuxdesignwithme/services/firebasedatabase.googleapis.com 200
[debug] [2024-03-11T13:11:10.664Z] <<< [apiv2][body] GET https://serviceusage.googleapis.com/v1/projects/uiuxdesignwithme/services/firebasedatabase.googleapis.com [omitted]
[info] +  database: required API firebasedatabase.googleapis.com is enabled 
[info] 
[debug] [2024-03-11T13:11:10.665Z] >>> [apiv2][query] GET https://firebasedatabase.googleapis.com/v1beta/projects/uiuxdesignwithme/locations/-/instances/uiuxdesignwithme-default-rtdb [none]
[debug] [2024-03-11T13:11:12.141Z] <<< [apiv2][status] GET https://firebasedatabase.googleapis.com/v1beta/projects/uiuxdesignwithme/locations/-/instances/uiuxdesignwithme-default-rtdb 200
[debug] [2024-03-11T13:11:12.142Z] <<< [apiv2][body] GET https://firebasedatabase.googleapis.com/v1beta/projects/uiuxdesignwithme/locations/-/instances/uiuxdesignwithme-default-rtdb {"name":"projects/53483268906/locations/asia-southeast1/instances/uiuxdesignwithme-default-rtdb","project":"projects/53483268906","databaseUrl":"https://uiuxdesignwithme-default-rtdb.asia-southeast1.firebasedatabase.app","type":"DEFAULT_DATABASE","state":"ACTIVE"}
[info] 
[info] Firebase Realtime Database Security Rules allow you to define how your data should be
[info] structured and when your data can be read from and written to.
[info] 
[debug] [2024-03-11T13:11:20.211Z] >>> [apiv2][query] GET https://uiuxdesignwithme-default-rtdb.asia-southeast1.firebasedatabase.app/.settings/rules.json [none]
[debug] [2024-03-11T13:11:20.351Z] <<< [apiv2][status] GET https://uiuxdesignwithme-default-rtdb.asia-southeast1.firebasedatabase.app/.settings/rules.json 200
[debug] [2024-03-11T13:11:20.351Z] <<< [apiv2][body] GET https://uiuxdesignwithme-default-rtdb.asia-southeast1.firebasedatabase.app/.settings/rules.json [stream]
[info] +  Database Rules for uiuxdesignwithme-default-rtdb have been written to database.rules.json. 
[info] Future modifications to database.rules.json will update Realtime Database Security Rules when you run
[info] firebase deploy.
[info] 
=== Firestore Setup
[debug] [2024-03-11T13:11:20.354Z] >>> [apiv2][query] GET https://serviceusage.googleapis.com/v1/projects/uiuxdesignwithme/services/firestore.googleapis.com [none]
[debug] [2024-03-11T13:11:20.355Z] >>> [apiv2][(partial)header] GET https://serviceusage.googleapis.com/v1/projects/uiuxdesignwithme/services/firestore.googleapis.com x-goog-quota-user=projects/uiuxdesignwithme
[debug] [2024-03-11T13:11:21.962Z] <<< [apiv2][status] GET https://serviceusage.googleapis.com/v1/projects/uiuxdesignwithme/services/firestore.googleapis.com 200
[debug] [2024-03-11T13:11:21.962Z] <<< [apiv2][body] GET https://serviceusage.googleapis.com/v1/projects/uiuxdesignwithme/services/firestore.googleapis.com [omitted]
[debug] [2024-03-11T13:11:21.962Z] >>> [apiv2][query] GET https://firestore.googleapis.com/v1/projects/uiuxdesignwithme/databases/(default) [none]
[debug] [2024-03-11T13:11:22.256Z] <<< [apiv2][status] GET https://firestore.googleapis.com/v1/projects/uiuxdesignwithme/databases/(default) 200
[debug] [2024-03-11T13:11:22.257Z] <<< [apiv2][body] GET https://firestore.googleapis.com/v1/projects/uiuxdesignwithme/databases/(default) {"name":"projects/uiuxdesignwithme/databases/(default)","uid":"d3a6b3ad-1af1-4aaa-978f-ad4beb9d305e","createTime":"2024-03-11T12:51:38.376064Z","updateTime":"2024-03-11T12:51:38.376064Z","locationId":"asia-south1","type":"FIRESTORE_NATIVE","concurrencyMode":"PESSIMISTIC","versionRetentionPeriod":"3600s","earliestVersionTime":"2024-03-11T12:51:38.376064Z","appEngineIntegrationMode":"DISABLED","keyPrefix":"j","pointInTimeRecoveryEnablement":"POINT_IN_TIME_RECOVERY_DISABLED","deleteProtectionState":"DELETE_PROTECTION_DISABLED","etag":"INC467mk7IQDMOLziqyg7IQD"}
[debug] [2024-03-11T13:11:22.257Z] database_type: FIRESTORE_NATIVE
[debug] [2024-03-11T13:11:22.258Z] > command requires scopes: ["email","openid","https://www.googleapis.com/auth/cloudplatformprojects.readonly","https://www.googleapis.com/auth/firebase","https://www.googleapis.com/auth/cloud-platform"]
[debug] [2024-03-11T13:11:22.259Z] > authorizing via signed-in user (vigneshengineer07@gmail.com)
[debug] [2024-03-11T13:11:22.259Z] [iam] checking project uiuxdesignwithme for permissions ["firebase.projects.get"]
[debug] [2024-03-11T13:11:22.260Z] >>> [apiv2][query] POST https://cloudresourcemanager.googleapis.com/v1/projects/uiuxdesignwithme:testIamPermissions [none]
[debug] [2024-03-11T13:11:22.260Z] >>> [apiv2][(partial)header] POST https://cloudresourcemanager.googleapis.com/v1/projects/uiuxdesignwithme:testIamPermissions x-goog-quota-user=projects/uiuxdesignwithme
[debug] [2024-03-11T13:11:22.260Z] >>> [apiv2][body] POST https://cloudresourcemanager.googleapis.com/v1/projects/uiuxdesignwithme:testIamPermissions {"permissions":["firebase.projects.get"]}
[debug] [2024-03-11T13:11:23.482Z] <<< [apiv2][status] POST https://cloudresourcemanager.googleapis.com/v1/projects/uiuxdesignwithme:testIamPermissions 200
[debug] [2024-03-11T13:11:23.482Z] <<< [apiv2][body] POST https://cloudresourcemanager.googleapis.com/v1/projects/uiuxdesignwithme:testIamPermissions {"permissions":["firebase.projects.get"]}
[info] 
[info] Firestore Security Rules allow you to define how and when to allow
[info] requests. You can keep these rules in your project directory
[info] and publish them with firebase deploy.
[info] 
[debug] [2024-03-11T13:11:31.531Z] >>> [apiv2][query] GET https://firebaserules.googleapis.com/v1/projects/uiuxdesignwithme/releases pageSize=10&pageToken=
[debug] [2024-03-11T13:11:31.881Z] <<< [apiv2][status] GET https://firebaserules.googleapis.com/v1/projects/uiuxdesignwithme/releases 200
[debug] [2024-03-11T13:11:31.881Z] <<< [apiv2][body] GET https://firebaserules.googleapis.com/v1/projects/uiuxdesignwithme/releases {"releases":[{"name":"projects/uiuxdesignwithme/releases/cloud.firestore","rulesetName":"projects/uiuxdesignwithme/rulesets/9b756a8a-37fb-4034-8f0c-a218adc87f16","createTime":"2024-03-11T12:51:45.559943Z","updateTime":"2024-03-11T12:51:45.559943Z"}]}
[debug] [2024-03-11T13:11:31.882Z] Found ruleset: projects/uiuxdesignwithme/rulesets/9b756a8a-37fb-4034-8f0c-a218adc87f16
[debug] [2024-03-11T13:11:31.882Z] >>> [apiv2][query] GET https://firebaserules.googleapis.com/v1/projects/uiuxdesignwithme/rulesets/9b756a8a-37fb-4034-8f0c-a218adc87f16 [none]
[debug] [2024-03-11T13:11:33.175Z] <<< [apiv2][status] GET https://firebaserules.googleapis.com/v1/projects/uiuxdesignwithme/rulesets/9b756a8a-37fb-4034-8f0c-a218adc87f16 200
[debug] [2024-03-11T13:11:33.176Z] <<< [apiv2][body] GET https://firebaserules.googleapis.com/v1/projects/uiuxdesignwithme/rulesets/9b756a8a-37fb-4034-8f0c-a218adc87f16 [omitted]
[info] 
[info] Firestore indexes allow you to perform complex queries while
[info] maintaining performance that scales with the size of the result
[info] set. You can keep index definitions in your project directory
[info] and publish them with firebase deploy.
[info] 
[debug] [2024-03-11T13:11:36.637Z] >>> [apiv2][query] GET https://firestore.googleapis.com/v1/projects/uiuxdesignwithme/databases/(default)/collectionGroups/-/indexes [none]
[debug] [2024-03-11T13:11:36.640Z] >>> [apiv2][query] GET https://firestore.googleapis.com/v1/projects/uiuxdesignwithme/databases/(default)/collectionGroups/-/fields?filter=indexConfig.usesAncestorConfig=false OR ttlConfig:* [none]
[debug] [2024-03-11T13:11:36.890Z] <<< [apiv2][status] GET https://firestore.googleapis.com/v1/projects/uiuxdesignwithme/databases/(default)/collectionGroups/-/fields?filter=indexConfig.usesAncestorConfig=false OR ttlConfig:* 200
[debug] [2024-03-11T13:11:36.891Z] <<< [apiv2][body] GET https://firestore.googleapis.com/v1/projects/uiuxdesignwithme/databases/(default)/collectionGroups/-/fields?filter=indexConfig.usesAncestorConfig=false OR ttlConfig:* {"fields":[{"name":"projects/uiuxdesignwithme/databases/(default)/collectionGroups/__default__/fields/*","indexConfig":{"indexes":[{"queryScope":"COLLECTION","fields":[{"fieldPath":"*","order":"ASCENDING"}],"state":"READY"},{"queryScope":"COLLECTION","fields":[{"fieldPath":"*","order":"DESCENDING"}],"state":"READY"},{"queryScope":"COLLECTION","fields":[{"fieldPath":"*","arrayConfig":"CONTAINS"}],"state":"READY"}]}}]}
[debug] [2024-03-11T13:11:36.936Z] <<< [apiv2][status] GET https://firestore.googleapis.com/v1/projects/uiuxdesignwithme/databases/(default)/collectionGroups/-/indexes 200
[debug] [2024-03-11T13:11:36.937Z] <<< [apiv2][body] GET https://firestore.googleapis.com/v1/projects/uiuxdesignwithme/databases/(default)/collectionGroups/-/indexes {}
[info] 
=== Functions Setup
[debug] [2024-03-11T13:11:36.940Z] > command requires scopes: ["email","openid","https://www.googleapis.com/auth/cloudplatformprojects.readonly","https://www.googleapis.com/auth/firebase","https://www.googleapis.com/auth/cloud-platform"]
[debug] [2024-03-11T13:11:36.940Z] > authorizing via signed-in user (vigneshengineer07@gmail.com)
[debug] [2024-03-11T13:11:36.940Z] [iam] checking project uiuxdesignwithme for permissions ["firebase.projects.get"]
[debug] [2024-03-11T13:11:36.941Z] >>> [apiv2][query] POST https://cloudresourcemanager.googleapis.com/v1/projects/uiuxdesignwithme:testIamPermissions [none]
[debug] [2024-03-11T13:11:36.941Z] >>> [apiv2][(partial)header] POST https://cloudresourcemanager.googleapis.com/v1/projects/uiuxdesignwithme:testIamPermissions x-goog-quota-user=projects/uiuxdesignwithme
[debug] [2024-03-11T13:11:36.941Z] >>> [apiv2][body] POST https://cloudresourcemanager.googleapis.com/v1/projects/uiuxdesignwithme:testIamPermissions {"permissions":["firebase.projects.get"]}
[debug] [2024-03-11T13:11:38.165Z] <<< [apiv2][status] POST https://cloudresourcemanager.googleapis.com/v1/projects/uiuxdesignwithme:testIamPermissions 200
[debug] [2024-03-11T13:11:38.165Z] <<< [apiv2][body] POST https://cloudresourcemanager.googleapis.com/v1/projects/uiuxdesignwithme:testIamPermissions {"permissions":["firebase.projects.get"]}
[debug] [2024-03-11T13:11:38.166Z] >>> [apiv2][query] GET https://serviceusage.googleapis.com/v1/projects/uiuxdesignwithme/services/cloudfunctions.googleapis.com [none]
[debug] [2024-03-11T13:11:38.166Z] >>> [apiv2][(partial)header] GET https://serviceusage.googleapis.com/v1/projects/uiuxdesignwithme/services/cloudfunctions.googleapis.com x-goog-quota-user=projects/uiuxdesignwithme
[debug] [2024-03-11T13:11:38.168Z] >>> [apiv2][query] GET https://serviceusage.googleapis.com/v1/projects/uiuxdesignwithme/services/runtimeconfig.googleapis.com [none]
[debug] [2024-03-11T13:11:38.168Z] >>> [apiv2][(partial)header] GET https://serviceusage.googleapis.com/v1/projects/uiuxdesignwithme/services/runtimeconfig.googleapis.com x-goog-quota-user=projects/uiuxdesignwithme
[debug] [2024-03-11T13:11:39.741Z] <<< [apiv2][status] GET https://serviceusage.googleapis.com/v1/projects/uiuxdesignwithme/services/cloudfunctions.googleapis.com 200
[debug] [2024-03-11T13:11:39.741Z] <<< [apiv2][body] GET https://serviceusage.googleapis.com/v1/projects/uiuxdesignwithme/services/cloudfunctions.googleapis.com [omitted]
[debug] [2024-03-11T13:11:39.755Z] <<< [apiv2][status] GET https://serviceusage.googleapis.com/v1/projects/uiuxdesignwithme/services/runtimeconfig.googleapis.com 200
[debug] [2024-03-11T13:11:39.756Z] <<< [apiv2][body] GET https://serviceusage.googleapis.com/v1/projects/uiuxdesignwithme/services/runtimeconfig.googleapis.com [omitted]
[info] Let's create a new codebase for your functions.
[info] A directory corresponding to the codebase will be created in your project
[info] with sample code pre-configured.

[info] See https://firebase.google.com/docs/functions/organize-functions for
[info] more information on organizing your functions using codebases.

[info] Functions can be deployed with firebase deploy.

[info] +  Wrote functions/package.json 
[info] +  Wrote functions/.eslintrc.js 
[info] +  Wrote functions/index.js 
[info] +  Wrote functions/.gitignore 
[info] 
=== Hosting Setup
[debug] [2024-03-11T13:11:58.285Z] >>> [apiv2][query] GET https://firebase.googleapis.com/v1beta1/projects/uiuxdesignwithme [none]
[debug] [2024-03-11T13:11:58.752Z] <<< [apiv2][status] GET https://firebase.googleapis.com/v1beta1/projects/uiuxdesignwithme 200
[debug] [2024-03-11T13:11:58.753Z] <<< [apiv2][body] GET https://firebase.googleapis.com/v1beta1/projects/uiuxdesignwithme {"projectId":"uiuxdesignwithme","projectNumber":"53483268906","displayName":"uiuxdesignwithme","name":"projects/uiuxdesignwithme","resources":{"hostingSite":"uiuxdesignwithme","realtimeDatabaseInstance":"uiuxdesignwithme-default-rtdb"},"state":"ACTIVE","etag":"1_de4079eb-e729-4071-b259-8e1eab5924dc"}
[info] 
[info] Your public directory is the folder (relative to your project directory) that
[info] will contain Hosting assets to be uploaded with firebase deploy. If you
[info] have a build process for your assets, use your build's output directory.
[info] 
[debug] [2024-03-11T13:12:07.415Z] >>> [apiv2][query] GET https://www.gstatic.com/firebasejs/releases.json [none]
[debug] [2024-03-11T13:12:07.482Z] <<< [apiv2][status] GET https://www.gstatic.com/firebasejs/releases.json 200
[debug] [2024-03-11T13:12:07.483Z] <<< [apiv2][body] GET https://www.gstatic.com/firebasejs/releases.json {"current":{"version":"10.8.1","browserURL":"https://www.gstatic.com/firebasejs/10.8.1/firebase.js","packageURL":"https://www.gstatic.com/firebasejs/10.8.1/firebase.tgz"},"live":{"version":"10.8","browserURL":"https://www.gstatic.com/firebasejs/live/10.8/firebase.js","packageURL":"https://www.gstatic.com/firebasejs/live/10.8/firebase.tgz"},"components":{"analytics":"https://www.gstatic.com/firebasejs/10.8.1/firebase-analytics.js","app":"https://www.gstatic.com/firebasejs/10.8.1/firebase-app.js","app-check":"https://www.gstatic.com/firebasejs/10.8.1/firebase-app-check.js","auth":"https://www.gstatic.com/firebasejs/10.8.1/firebase-auth.js","auth/cordova":"https://www.gstatic.com/firebasejs/10.8.1/firebase-auth/cordova.js","auth/web-extension":"https://www.gstatic.com/firebasejs/10.8.1/firebase-auth/web-extension.js","functions":"https://www.gstatic.com/firebasejs/10.8.1/firebase-functions.js","firestore":"https://www.gstatic.com/firebasejs/10.8.1/firebase-firestore.js","firestore/lite":"https://www.gstatic.com/firebasejs/10.8.1/firebase-firestore/lite.js","installations":"https://www.gstatic.com/firebasejs/10.8.1/firebase-installations.js","storage":"https://www.gstatic.com/firebasejs/10.8.1/firebase-storage.js","performance":"https://www.gstatic.com/firebasejs/10.8.1/firebase-performance.js","remote-config":"https://www.gstatic.com/firebasejs/10.8.1/firebase-remote-config.js","messaging":"https://www.gstatic.com/firebasejs/10.8.1/firebase-messaging.js","messaging/sw":"https://www.gstatic.com/firebasejs/10.8.1/firebase-messaging/sw.js","database":"https://www.gstatic.com/firebasejs/10.8.1/firebase-database.js","firestore.memory":"https://www.gstatic.com/firebasejs/10.8.1/firebase-firestore.memory.js"}}
[info] +  Wrote public/index.html 
[info] 
[info] i  Detected a .git folder at C:\Users\vigne\OneDrive\Desktop\my-design-portfolio\designwithme 
[info] i  Authorizing with GitHub to upload your service account to a GitHub repository's secrets store. 
[info] 
[info] Visit this URL on this device to log in:
[info] https://github.com/login/oauth/authorize?client_id=89cf50f02ac6aaed3484&state=741554733&redirect_uri=http%3A%2F%2Flocalhost%3A9005&scope=read%3Auser%20repo%20public_repo
[info] 
[info] Waiting for authentication...
[debug] [2024-03-11T13:12:11.018Z] >>> [apiv2][query] POST https://github.com/login/oauth/access_token [none]
[debug] [2024-03-11T13:12:11.018Z] >>> [apiv2][body] POST https://github.com/login/oauth/access_token [stream]
[debug] [2024-03-11T13:12:11.465Z] <<< [apiv2][status] POST https://github.com/login/oauth/access_token 200
[debug] [2024-03-11T13:12:11.465Z] <<< [apiv2][body] POST https://github.com/login/oauth/access_token {"access_token":"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","token_type":"bearer","scope":"read:user,repo"}
[debug] [2024-03-11T13:12:11.473Z] >>> [apiv2][query] GET https://api.github.com/user [none]
[debug] [2024-03-11T13:12:12.047Z] <<< [apiv2][status] GET https://api.github.com/user 200
[debug] [2024-03-11T13:12:12.048Z] <<< [apiv2][body] GET https://api.github.com/user {"login":"Vignesh0708","id":88187903,"node_id":"MDQ6VXNlcjg4MTg3OTAz","avatar_url":"https://avatars.githubusercontent.com/u/88187903?v=4","gravatar_id":"","url":"https://api.github.com/users/Vignesh0708","html_url":"https://github.com/Vignesh0708","followers_url":"https://api.github.com/users/Vignesh0708/followers","following_url":"https://api.github.com/users/Vignesh0708/following{/other_user}","gists_url":"https://api.github.com/users/Vignesh0708/gists{/gist_id}","starred_url":"https://api.github.com/users/Vignesh0708/starred{/owner}{/repo}","subscriptions_url":"https://api.github.com/users/Vignesh0708/subscriptions","organizations_url":"https://api.github.com/users/Vignesh0708/orgs","repos_url":"https://api.github.com/users/Vignesh0708/repos","events_url":"https://api.github.com/users/Vignesh0708/events{/privacy}","received_events_url":"https://api.github.com/users/Vignesh0708/received_events","type":"User","site_admin":false,"name":"VIGNESH V","company":null,"blog":"","location":"chennai,india","email":null,"hireable":null,"bio":"i am forntend developer","twitter_username":null,"public_repos":4,"public_gists":0,"followers":1,"following":1,"created_at":"2021-07-30T09:28:48Z","updated_at":"2024-03-11T12:21:10Z","private_gists":0,"total_private_repos":0,"owned_private_repos":0,"disk_usage":4,"collaborators":0,"two_factor_authentication":false,"plan":{"name":"free","space":976562499,"collaborators":0,"private_repos":10000}}
[info] 
[info] +  Success! Logged into GitHub as Vignesh0708 
[info] 
[debug] [2024-03-11T13:17:01.233Z] >>> [apiv2][query] GET https://api.github.com/repos/Vignesh0708/designwithme:main/actions/secrets/public-key type=owner
[debug] [2024-03-11T13:17:01.606Z] <<< [apiv2][status] GET https://api.github.com/repos/Vignesh0708/designwithme:main/actions/secrets/public-key 404
[debug] [2024-03-11T13:17:01.606Z] <<< [apiv2][body] GET https://api.github.com/repos/Vignesh0708/designwithme:main/actions/secrets/public-key {"message":"Not Found","documentation_url":"https://docs.github.com/rest/actions/secrets#get-a-repository-public-key"}
[info] 
[info] 
[error] !  The provided authorization cannot be used with this repository. If this repository is in an organization, did you remember to grant access? 
[info] 
[info] i  Action required: Visit this URL to ensure access has been granted to the appropriate organization(s) for the Firebase CLI GitHub OAuth App: 
[info] https://github.com/settings/connections/applications/89cf50f02ac6aaed3484
[info] 
[debug] [2024-03-11T13:20:04.014Z] >>> [apiv2][query] GET https://api.github.com/repos/Vignesh0708/designwithme:main/actions/secrets/public-key type=owner
[debug] [2024-03-11T13:20:04.362Z] <<< [apiv2][status] GET https://api.github.com/repos/Vignesh0708/designwithme:main/actions/secrets/public-key 404
[debug] [2024-03-11T13:20:04.362Z] <<< [apiv2][body] GET https://api.github.com/repos/Vignesh0708/designwithme:main/actions/secrets/public-key {"message":"Not Found","documentation_url":"https://docs.github.com/rest/actions/secrets#get-a-repository-public-key"}
[info] 
[info] 
[error] !  The provided authorization cannot be used with this repository. If this repository is in an organization, did you remember to grant access? 
[info] 
[info] i  Action required: Visit this URL to ensure access has been granted to the appropriate organization(s) for the Firebase CLI GitHub OAuth App: 
[info] https://github.com/settings/connections/applications/89cf50f02ac6aaed3484
[info] 
[debug] [2024-03-11T13:24:14.187Z] >>> [apiv2][query] GET https://api.github.com/repos/Vignesh0708/designwithme/actions/secrets/public-key type=owner
[debug] [2024-03-11T13:24:14.502Z] <<< [apiv2][status] GET https://api.github.com/repos/Vignesh0708/designwithme/actions/secrets/public-key 401
[debug] [2024-03-11T13:24:14.503Z] <<< [apiv2][body] GET https://api.github.com/repos/Vignesh0708/designwithme/actions/secrets/public-key {"message":"Bad credentials","documentation_url":"https://docs.github.com/rest"}
[debug] [2024-03-11T13:25:16.024Z] >>> [apiv2][query] GET https://api.github.com/repos/Vignesh0708/designwithme/actions/secrets/public-key type=owner
[debug] [2024-03-11T13:25:16.405Z] <<< [apiv2][status] GET https://api.github.com/repos/Vignesh0708/designwithme/actions/secrets/public-key 401
[debug] [2024-03-11T13:25:16.406Z] <<< [apiv2][body] GET https://api.github.com/repos/Vignesh0708/designwithme/actions/secrets/public-key {"message":"Bad credentials","documentation_url":"https://docs.github.com/rest"}
[debug] [2024-03-11T13:27:00.609Z] >>> [apiv2][query] GET https://api.github.com/repos/Vignesh0708/designwithme/actions/secrets/public-key type=owner
[debug] [2024-03-11T13:27:01.084Z] <<< [apiv2][status] GET https://api.github.com/repos/Vignesh0708/designwithme/actions/secrets/public-key 401
[debug] [2024-03-11T13:27:01.084Z] <<< [apiv2][body] GET https://api.github.com/repos/Vignesh0708/designwithme/actions/secrets/public-key {"message":"Bad credentials","documentation_url":"https://docs.github.com/rest"}
[debug] [2024-03-11T13:27:20.154Z] >>> [apiv2][query] GET https://api.github.com/repos/Vignesh0708/designwithme/actions/secrets/public-key type=owner
[debug] [2024-03-11T13:27:20.476Z] <<< [apiv2][status] GET https://api.github.com/repos/Vignesh0708/designwithme/actions/secrets/public-key 401
[debug] [2024-03-11T13:27:20.476Z] <<< [apiv2][body] GET https://api.github.com/repos/Vignesh0708/designwithme/actions/secrets/public-key {"message":"Bad credentials","documentation_url":"https://docs.github.com/rest"}
[debug] [2024-03-11T13:27:22.344Z] >>> [apiv2][query] GET https://api.github.com/repos/Vignesh0708/designwithme/actions/secrets/public-key type=owner
[debug] [2024-03-11T13:27:22.635Z] <<< [apiv2][status] GET https://api.github.com/repos/Vignesh0708/designwithme/actions/secrets/public-key 401
[debug] [2024-03-11T13:27:22.635Z] <<< [apiv2][body] GET https://api.github.com/repos/Vignesh0708/designwithme/actions/secrets/public-key {"message":"Bad credentials","documentation_url":"https://docs.github.com/rest"}
[debug] [2024-03-11T13:27:23.173Z] >>> [apiv2][query] GET https://api.github.com/repos/Vignesh0708/designwithme/actions/secrets/public-key type=owner
[debug] [2024-03-11T13:27:23.399Z] >>> [apiv2][query] GET https://api.github.com/repos//actions/secrets/public-key type=owner
[debug] [2024-03-11T13:27:23.461Z] <<< [apiv2][status] GET https://api.github.com/repos/Vignesh0708/designwithme/actions/secrets/public-key 401
[debug] [2024-03-11T13:27:23.461Z] <<< [apiv2][body] GET https://api.github.com/repos/Vignesh0708/designwithme/actions/secrets/public-key {"message":"Bad credentials","documentation_url":"https://docs.github.com/rest"}
[debug] [2024-03-11T13:27:23.608Z] >>> [apiv2][query] GET https://api.github.com/repos/Vignesh0708/designwithme/actions/secrets/public-key type=owner
[debug] [2024-03-11T13:27:23.706Z] <<< [apiv2][status] GET https://api.github.com/repos//actions/secrets/public-key 401
[debug] [2024-03-11T13:27:23.706Z] <<< [apiv2][body] GET https://api.github.com/repos//actions/secrets/public-key {"message":"Bad credentials","documentation_url":"https://docs.github.com/rest"}
[debug] [2024-03-11T13:27:23.801Z] >>> [apiv2][query] GET https://api.github.com/repos//actions/secrets/public-key type=owner
[debug] [2024-03-11T13:27:23.893Z] <<< [apiv2][status] GET https://api.github.com/repos/Vignesh0708/designwithme/actions/secrets/public-key 401
[debug] [2024-03-11T13:27:23.894Z] <<< [apiv2][body] GET https://api.github.com/repos/Vignesh0708/designwithme/actions/secrets/public-key {"message":"Bad credentials","documentation_url":"https://docs.github.com/rest"}
[debug] [2024-03-11T13:27:24.038Z] >>> [apiv2][query] GET https://api.github.com/repos/Vignesh0708/designwithme/actions/secrets/public-key type=owner
[debug] [2024-03-11T13:27:24.051Z] <<< [apiv2][status] GET https://api.github.com/repos//actions/secrets/public-key 401
[debug] [2024-03-11T13:27:24.051Z] <<< [apiv2][body] GET https://api.github.com/repos//actions/secrets/public-key {"message":"Bad credentials","documentation_url":"https://docs.github.com/rest"}
[debug] [2024-03-11T13:27:24.248Z] >>> [apiv2][query] GET https://api.github.com/repos//actions/secrets/public-key type=owner
[debug] [2024-03-11T13:27:24.334Z] <<< [apiv2][status] GET https://api.github.com/repos/Vignesh0708/designwithme/actions/secrets/public-key 401
[debug] [2024-03-11T13:27:24.335Z] <<< [apiv2][body] GET https://api.github.com/repos/Vignesh0708/designwithme/actions/secrets/public-key {"message":"Bad credentials","documentation_url":"https://docs.github.com/rest"}
[debug] [2024-03-11T13:27:24.441Z] >>> [apiv2][query] GET https://api.github.com/repos/Vignesh0708/designwithme/actions/secrets/public-key type=owner
[debug] [2024-03-11T13:27:24.541Z] <<< [apiv2][status] GET https://api.github.com/repos//actions/secrets/public-key 401
[debug] [2024-03-11T13:27:24.542Z] <<< [apiv2][body] GET https://api.github.com/repos//actions/secrets/public-key {"message":"Bad credentials","documentation_url":"https://docs.github.com/rest"}
[debug] [2024-03-11T13:27:24.632Z] >>> [apiv2][query] GET https://api.github.com/repos//actions/secrets/public-key type=owner
[debug] [2024-03-11T13:27:24.729Z] <<< [apiv2][status] GET https://api.github.com/repos/Vignesh0708/designwithme/actions/secrets/public-key 401
[debug] [2024-03-11T13:27:24.730Z] <<< [apiv2][body] GET https://api.github.com/repos/Vignesh0708/designwithme/actions/secrets/public-key {"message":"Bad credentials","documentation_url":"https://docs.github.com/rest"}
[debug] [2024-03-11T13:27:24.847Z] >>> [apiv2][query] GET https://api.github.com/repos/Vignesh0708/designwithme/actions/secrets/public-key type=owner
[debug] [2024-03-11T13:27:24.921Z] <<< [apiv2][status] GET https://api.github.com/repos//actions/secrets/public-key 401
[debug] [2024-03-11T13:27:24.921Z] <<< [apiv2][body] GET https://api.github.com/repos//actions/secrets/public-key {"message":"Bad credentials","documentation_url":"https://docs.github.com/rest"}
[debug] [2024-03-11T13:27:25.149Z] <<< [apiv2][status] GET https://api.github.com/repos/Vignesh0708/designwithme/actions/secrets/public-key 401
[debug] [2024-03-11T13:27:25.149Z] <<< [apiv2][body] GET https://api.github.com/repos/Vignesh0708/designwithme/actions/secrets/public-key {"message":"Bad credentials","documentation_url":"https://docs.github.com/rest"}
